/*C1*/SET SCHEMA PUBLIC
CONNECT USER SA
DISCONNECT
/*C2*/SET SCHEMA PUBLIC
CONNECT USER SA
DROP TABLE cidade
CREATE TABLE cidade (codigo INTEGER NOT NULL, nome VARCHAR(255), uf VARCHAR(255), PRIMARY KEY (codigo))
SET AUTOCOMMIT FALSE
INSERT INTO CIDADE VALUES(13,'Guaurj\u00e1','SP')
COMMIT
SET AUTOCOMMIT TRUE
SET AUTOCOMMIT FALSE
SET AUTOCOMMIT TRUE
SET AUTOCOMMIT FALSE
DELETE FROM CIDADE WHERE CODIGO=13
COMMIT
SET AUTOCOMMIT TRUE
SET AUTOCOMMIT FALSE
INSERT INTO CIDADE VALUES(13,'Guaruj\u00e1','SP')
COMMIT
SET AUTOCOMMIT TRUE
